<?xml version="1.0" encoding="UTF-8"?>
<!-- Generated by org.testng.reporters.JUnitXMLReporter -->
<testsuite ignored="92" hostname="DESKTOP-UFMB1VQ" failures="0" tests="2" name="Default test" time="11.733" errors="0" timestamp="2023-03-02T10:13:11 EST">
  <testcase classname="com.pwc.productcentral.SanityTestCases" name="WEB_6" time="3.08"/>
  <testcase classname="com.pwc.productcentral.SanityTestCases" name="WEB_6_1" time="8.005"/>
  <testcase classname="com.pwc.productcentral.SanityTestCases" name="WEB_3" time="0.0">
    <ignored/>
  </testcase> <!-- WEB_3 -->
  <testcase classname="com.pwc.productcentral.SanityTestCases" name="WEB_83" time="0.0">
    <ignored/>
  </testcase> <!-- WEB_83 -->
  <testcase classname="com.pwc.productcentral.SanityTestCases" name="WEB_80" time="0.0">
    <ignored/>
  </testcase> <!-- WEB_80 -->
  <testcase classname="com.pwc.productcentral.SanityTestCases" name="WEB_9" time="0.0">
    <ignored/>
  </testcase> <!-- WEB_9 -->
  <testcase classname="com.pwc.productcentral.SanityTestCases" name="WEB_4" time="0.0">
    <ignored/>
  </testcase> <!-- WEB_4 -->
  <testcase classname="com.pwc.productcentral.SanityTestCases" name="WEB_52_1" time="0.0">
    <ignored/>
  </testcase> <!-- WEB_52_1 -->
  <testcase classname="com.pwc.productcentral.SanityTestCases" name="WEB_82" time="0.0">
    <ignored/>
  </testcase> <!-- WEB_82 -->
  <testcase classname="com.pwc.productcentral.SanityTestCases" name="WEB_7" time="0.0">
    <ignored/>
  </testcase> <!-- WEB_7 -->
  <testcase classname="com.pwc.productcentral.SanityTestCases" name="WEB_40" time="0.0">
    <ignored/>
  </testcase> <!-- WEB_40 -->
  <testcase classname="com.pwc.productcentral.SanityTestCases" name="WEB_84" time="0.0">
    <ignored/>
  </testcase> <!-- WEB_84 -->
  <testcase classname="com.pwc.productcentral.SanityTestCases" name="WEB_81" time="0.0">
    <ignored/>
  </testcase> <!-- WEB_81 -->
  <testcase classname="com.pwc.productcentral.SanityTestCases" name="WEB_8" time="0.0">
    <ignored/>
  </testcase> <!-- WEB_8 -->
  <testcase classname="com.pwc.productcentral.SanityTestCases" name="WEB_42" time="0.0">
    <ignored/>
  </testcase> <!-- WEB_42 -->
  <testcase classname="com.pwc.productcentral.SanityTestCases" name="WEB_86" time="0.0">
    <ignored/>
  </testcase> <!-- WEB_86 -->
  <testcase classname="com.pwc.productcentral.SanityTestCases" name="WEB_47" time="0.0">
    <ignored/>
  </testcase> <!-- WEB_47 -->
  <testcase classname="com.pwc.productcentral.SanityTestCases" name="WEB_44" time="0.0">
    <ignored/>
  </testcase> <!-- WEB_44 -->
  <testcase classname="com.pwc.productcentral.SanityTestCases" name="WEB_1" time="0.0">
    <ignored/>
  </testcase> <!-- WEB_1 -->
  <testcase classname="com.pwc.productcentral.SanityTestCases" name="WEB_41" time="0.0">
    <ignored/>
  </testcase> <!-- WEB_41 -->
  <testcase classname="com.pwc.productcentral.SanityTestCases" name="WEB_85" time="0.0">
    <ignored/>
  </testcase> <!-- WEB_85 -->
  <testcase classname="com.pwc.productcentral.SanityTestCases" name="WEB_46" time="0.0">
    <ignored/>
  </testcase> <!-- WEB_46 -->
  <testcase classname="com.pwc.productcentral.SanityTestCases" name="WEB_2" time="0.0">
    <ignored/>
  </testcase> <!-- WEB_2 -->
  <testcase classname="com.pwc.productcentral.SanityTestCases" name="WEB_48" time="0.0">
    <ignored/>
  </testcase> <!-- WEB_48 -->
  <testcase classname="com.pwc.productcentral.SanityTestCases" name="WEB_45" time="0.0">
    <ignored/>
  </testcase> <!-- WEB_45 -->
  <testcase classname="com.pwc.productcentral.SanityTestCases" name="WEB_49" time="0.0">
    <ignored/>
  </testcase> <!-- WEB_49 -->
  <testcase classname="com.pwc.productcentral.SanityTestCases" name="WEB_43" time="0.0">
    <ignored/>
  </testcase> <!-- WEB_43 -->
  <testcase classname="com.pwc.productcentral.SanityTestCases" name="WEB_5_2" time="0.0">
    <ignored/>
  </testcase> <!-- WEB_5_2 -->
  <testcase classname="com.pwc.productcentral.SanityTestCases" name="WEB_5" time="0.0">
    <ignored/>
  </testcase> <!-- WEB_5 -->
  <testcase classname="com.pwc.productcentral.SanityTestCases" name="WEB_50" time="0.0">
    <ignored/>
  </testcase> <!-- WEB_50 -->
  <testcase classname="com.pwc.productcentral.SanityTestCases" name="WEB_51" time="0.0">
    <ignored/>
  </testcase> <!-- WEB_51 -->
  <testcase classname="com.pwc.productcentral.SanityTestCases" name="WEB_53" time="0.0">
    <ignored/>
  </testcase> <!-- WEB_53 -->
  <testcase classname="com.pwc.productcentral.SanityTestCases" name="WEB_14" time="0.0">
    <ignored/>
  </testcase> <!-- WEB_14 -->
  <testcase classname="com.pwc.productcentral.SanityTestCases" name="WEB_58" time="0.0">
    <ignored/>
  </testcase> <!-- WEB_58 -->
  <testcase classname="com.pwc.productcentral.SanityTestCases" name="WEB_11" time="0.0">
    <ignored/>
  </testcase> <!-- WEB_11 -->
  <testcase classname="com.pwc.productcentral.SanityTestCases" name="WEB_55" time="0.0">
    <ignored/>
  </testcase> <!-- WEB_55 -->
  <testcase classname="com.pwc.productcentral.SanityTestCases" name="WEB_52" time="0.0">
    <ignored/>
  </testcase> <!-- WEB_52 -->
  <testcase classname="com.pwc.productcentral.SanityTestCases" name="WEB_13" time="0.0">
    <ignored/>
  </testcase> <!-- WEB_13 -->
  <testcase classname="com.pwc.productcentral.SanityTestCases" name="WEB_57" time="0.0">
    <ignored/>
  </testcase> <!-- WEB_57 -->
  <testcase classname="com.pwc.productcentral.SanityTestCases" name="WEB_15" time="0.0">
    <ignored/>
  </testcase> <!-- WEB_15 -->
  <testcase classname="com.pwc.productcentral.SanityTestCases" name="WEB_59" time="0.0">
    <ignored/>
  </testcase> <!-- WEB_59 -->
  <testcase classname="com.pwc.productcentral.SanityTestCases" name="WEB_12" time="0.0">
    <ignored/>
  </testcase> <!-- WEB_12 -->
  <testcase classname="com.pwc.productcentral.SanityTestCases" name="WEB_56" time="0.0">
    <ignored/>
  </testcase> <!-- WEB_56 -->
  <testcase classname="com.pwc.productcentral.SanityTestCases" name="WEB_17" time="0.0">
    <ignored/>
  </testcase> <!-- WEB_17 -->
  <testcase classname="com.pwc.productcentral.SanityTestCases" name="WEB_19" time="0.0">
    <ignored/>
  </testcase> <!-- WEB_19 -->
  <testcase classname="com.pwc.productcentral.SanityTestCases" name="WEB_16" time="0.0">
    <ignored/>
  </testcase> <!-- WEB_16 -->
  <testcase classname="com.pwc.productcentral.SanityTestCases" name="WEB_10" time="0.0">
    <ignored/>
  </testcase> <!-- WEB_10 -->
  <testcase classname="com.pwc.productcentral.SanityTestCases" name="WEB_54" time="0.0">
    <ignored/>
  </testcase> <!-- WEB_54 -->
  <testcase classname="com.pwc.productcentral.SanityTestCases" name="WEB_52_3" time="0.0">
    <ignored/>
  </testcase> <!-- WEB_52_3 -->
  <testcase classname="com.pwc.productcentral.SanityTestCases" name="WEB_52_4" time="0.0">
    <ignored/>
  </testcase> <!-- WEB_52_4 -->
  <testcase classname="com.pwc.productcentral.SanityTestCases" name="WEB_52_2" time="0.0">
    <ignored/>
  </testcase> <!-- WEB_52_2 -->
  <testcase classname="com.pwc.productcentral.SanityTestCases" name="WEB_31_1" time="0.0">
    <ignored/>
  </testcase> <!-- WEB_31_1 -->
  <testcase classname="com.pwc.productcentral.SanityTestCases" name="WEB_18" time="0.0">
    <ignored/>
  </testcase> <!-- WEB_18 -->
  <testcase classname="com.pwc.productcentral.SanityTestCases" name="WEB_52_5" time="0.0">
    <ignored/>
  </testcase> <!-- WEB_52_5 -->
  <testcase classname="com.pwc.productcentral.SanityTestCases" name="WEB_61" time="0.0">
    <ignored/>
  </testcase> <!-- WEB_61 -->
  <testcase classname="com.pwc.productcentral.SanityTestCases" name="WEB_60" time="0.0">
    <ignored/>
  </testcase> <!-- WEB_60 -->
  <testcase classname="com.pwc.productcentral.SanityTestCases" name="WEB_62" time="0.0">
    <ignored/>
  </testcase> <!-- WEB_62 -->
  <testcase classname="com.pwc.productcentral.SanityTestCases" name="WEB_20" time="0.0">
    <ignored/>
  </testcase> <!-- WEB_20 -->
  <testcase classname="com.pwc.productcentral.SanityTestCases" name="WEB_64" time="0.0">
    <ignored/>
  </testcase> <!-- WEB_64 -->
  <testcase classname="com.pwc.productcentral.SanityTestCases" name="WEB_25" time="0.0">
    <ignored/>
  </testcase> <!-- WEB_25 -->
  <testcase classname="com.pwc.productcentral.SanityTestCases" name="WEB_69" time="0.0">
    <ignored/>
  </testcase> <!-- WEB_69 -->
  <testcase classname="com.pwc.productcentral.SanityTestCases" name="WEB_22" time="0.0">
    <ignored/>
  </testcase> <!-- WEB_22 -->
  <testcase classname="com.pwc.productcentral.SanityTestCases" name="WEB_66" time="0.0">
    <ignored/>
  </testcase> <!-- WEB_66 -->
  <testcase classname="com.pwc.productcentral.SanityTestCases" name="WEB_63" time="0.0">
    <ignored/>
  </testcase> <!-- WEB_63 -->
  <testcase classname="com.pwc.productcentral.SanityTestCases" name="WEB_24" time="0.0">
    <ignored/>
  </testcase> <!-- WEB_24 -->
  <testcase classname="com.pwc.productcentral.SanityTestCases" name="WEB_68" time="0.0">
    <ignored/>
  </testcase> <!-- WEB_68 -->
  <testcase classname="com.pwc.productcentral.SanityTestCases" name="WEB_26" time="0.0">
    <ignored/>
  </testcase> <!-- WEB_26 -->
  <testcase classname="com.pwc.productcentral.SanityTestCases" name="WEB_23" time="0.0">
    <ignored/>
  </testcase> <!-- WEB_23 -->
  <testcase classname="com.pwc.productcentral.SanityTestCases" name="WEB_67" time="0.0">
    <ignored/>
  </testcase> <!-- WEB_67 -->
  <testcase classname="com.pwc.productcentral.SanityTestCases" name="WEB_28" time="0.0">
    <ignored/>
  </testcase> <!-- WEB_28 -->
  <testcase classname="com.pwc.productcentral.SanityTestCases" name="WEB_27" time="0.0">
    <ignored/>
  </testcase> <!-- WEB_27 -->
  <testcase classname="com.pwc.productcentral.SanityTestCases" name="WEB_21" time="0.0">
    <ignored/>
  </testcase> <!-- WEB_21 -->
  <testcase classname="com.pwc.productcentral.SanityTestCases" name="WEB_65" time="0.0">
    <ignored/>
  </testcase> <!-- WEB_65 -->
  <testcase classname="com.pwc.productcentral.SanityTestCases" name="WEB_29" time="0.0">
    <ignored/>
  </testcase> <!-- WEB_29 -->
  <testcase classname="com.pwc.productcentral.SanityTestCases" name="WEB_72" time="0.0">
    <ignored/>
  </testcase> <!-- WEB_72 -->
  <testcase classname="com.pwc.productcentral.SanityTestCases" name="WEB_71" time="0.0">
    <ignored/>
  </testcase> <!-- WEB_71 -->
  <testcase classname="com.pwc.productcentral.SanityTestCases" name="WEB_73" time="0.0">
    <ignored/>
  </testcase> <!-- WEB_73 -->
  <testcase classname="com.pwc.productcentral.SanityTestCases" name="WEB_70" time="0.0">
    <ignored/>
  </testcase> <!-- WEB_70 -->
  <testcase classname="com.pwc.productcentral.SanityTestCases" name="WEB_31" time="0.0">
    <ignored/>
  </testcase> <!-- WEB_31 -->
  <testcase classname="com.pwc.productcentral.SanityTestCases" name="WEB_75" time="0.0">
    <ignored/>
  </testcase> <!-- WEB_75 -->
  <testcase classname="com.pwc.productcentral.SanityTestCases" name="WEB_36" time="0.0">
    <ignored/>
  </testcase> <!-- WEB_36 -->
  <testcase classname="com.pwc.productcentral.SanityTestCases" name="WEB_33" time="0.0">
    <ignored/>
  </testcase> <!-- WEB_33 -->
  <testcase classname="com.pwc.productcentral.SanityTestCases" name="WEB_77" time="0.0">
    <ignored/>
  </testcase> <!-- WEB_77 -->
  <testcase classname="com.pwc.productcentral.SanityTestCases" name="WEB_30" time="0.0">
    <ignored/>
  </testcase> <!-- WEB_30 -->
  <testcase classname="com.pwc.productcentral.SanityTestCases" name="WEB_74" time="0.0">
    <ignored/>
  </testcase> <!-- WEB_74 -->
  <testcase classname="com.pwc.productcentral.SanityTestCases" name="WEB_35" time="0.0">
    <ignored/>
  </testcase> <!-- WEB_35 -->
  <testcase classname="com.pwc.productcentral.SanityTestCases" name="WEB_79" time="0.0">
    <ignored/>
  </testcase> <!-- WEB_79 -->
  <testcase classname="com.pwc.productcentral.SanityTestCases" name="WEB_37" time="0.0">
    <ignored/>
  </testcase> <!-- WEB_37 -->
  <testcase classname="com.pwc.productcentral.SanityTestCases" name="WEB_34" time="0.0">
    <ignored/>
  </testcase> <!-- WEB_34 -->
  <testcase classname="com.pwc.productcentral.SanityTestCases" name="WEB_78" time="0.0">
    <ignored/>
  </testcase> <!-- WEB_78 -->
  <testcase classname="com.pwc.productcentral.SanityTestCases" name="WEB_39" time="0.0">
    <ignored/>
  </testcase> <!-- WEB_39 -->
  <testcase classname="com.pwc.productcentral.SanityTestCases" name="WEB_38" time="0.0">
    <ignored/>
  </testcase> <!-- WEB_38 -->
  <testcase classname="com.pwc.productcentral.SanityTestCases" name="WEB_32" time="0.0">
    <ignored/>
  </testcase> <!-- WEB_32 -->
  <testcase classname="com.pwc.productcentral.SanityTestCases" name="WEB_76" time="0.0">
    <ignored/>
  </testcase> <!-- WEB_76 -->
</testsuite> <!-- Default test -->
