<?xml version="1.0" encoding="UTF-8"?>
<testng-results ignored="92" total="94" passed="2" failed="0" skipped="0">
  <reporter-output>
  </reporter-output>
  <suite started-at="2023-03-02T10:13:00 EST" name="Default suite" finished-at="2023-03-02T10:13:11 EST" duration-ms="11733">
    <groups>
    </groups>
    <test started-at="2023-03-02T10:13:00 EST" name="Default test" finished-at="2023-03-02T10:13:11 EST" duration-ms="11733">
      <class name="com.pwc.productcentral.SanityTestCases">
        <test-method is-config="true" signature="setUp()[pri:0, instance:com.pwc.productcentral.SanityTestCases@49d98dc5]" started-at="2023-03-02T10:13:00 EST" name="setUp" finished-at="2023-03-02T10:13:00 EST" duration-ms="104" status="PASS">
          <reporter-output>
          </reporter-output>
        </test-method> <!-- setUp -->
        <test-method is-config="true" signature="initTest()[pri:0, instance:com.pwc.productcentral.SanityTestCases@49d98dc5]" started-at="2023-03-02T10:13:00 EST" name="initTest" finished-at="2023-03-02T10:13:00 EST" duration-ms="530" status="PASS">
          <reporter-output>
          </reporter-output>
        </test-method> <!-- initTest -->
        <test-method signature="WEB_6()[pri:0, instance:com.pwc.productcentral.SanityTestCases@49d98dc5]" started-at="2023-03-02T10:13:00 EST" name="WEB_6" finished-at="2023-03-02T10:13:03 EST" duration-ms="3080" status="PASS">
          <reporter-output>
          </reporter-output>
        </test-method> <!-- WEB_6 -->
        <test-method is-config="true" signature="closeTabs()[pri:0, instance:com.pwc.productcentral.SanityTestCases@49d98dc5]" started-at="2023-03-02T10:13:03 EST" name="closeTabs" finished-at="2023-03-02T10:13:03 EST" duration-ms="8" status="PASS">
          <reporter-output>
          </reporter-output>
        </test-method> <!-- closeTabs -->
        <test-method is-config="true" signature="initTest()[pri:0, instance:com.pwc.productcentral.SanityTestCases@49d98dc5]" started-at="2023-03-02T10:13:03 EST" name="initTest" finished-at="2023-03-02T10:13:03 EST" duration-ms="87" status="PASS">
          <reporter-output>
          </reporter-output>
        </test-method> <!-- initTest -->
        <test-method signature="WEB_6_1()[pri:0, instance:com.pwc.productcentral.SanityTestCases@49d98dc5]" started-at="2023-03-02T10:13:03 EST" name="WEB_6_1" finished-at="2023-03-02T10:13:11 EST" duration-ms="8005" status="PASS">
          <reporter-output>
          </reporter-output>
        </test-method> <!-- WEB_6_1 -->
        <test-method is-config="true" signature="closeTabs()[pri:0, instance:com.pwc.productcentral.SanityTestCases@49d98dc5]" started-at="2023-03-02T10:13:11 EST" name="closeTabs" finished-at="2023-03-02T10:13:11 EST" duration-ms="5" status="PASS">
          <reporter-output>
          </reporter-output>
        </test-method> <!-- closeTabs -->
        <test-method is-config="true" signature="closingBrowser()[pri:0, instance:com.pwc.productcentral.SanityTestCases@49d98dc5]" started-at="2023-03-02T10:13:12 EST" name="closingBrowser" finished-at="2023-03-02T10:13:12 EST" duration-ms="173" status="PASS">
          <reporter-output>
          </reporter-output>
        </test-method> <!-- closingBrowser -->
      </class> <!-- com.pwc.productcentral.SanityTestCases -->
    </test> <!-- Default test -->
  </suite> <!-- Default suite -->
</testng-results>
